The system is: Linux - 3.10.0-1160.108.1.el7.x86_64 - x86_64
Compiling the C compiler identification source file "CMakeCCompilerId.c" succeeded.
Compiler: /u/local/compilers/gcc/7.5.0/bin/gcc 
Build flags: 
Id flags: 

The output was:
0


Compilation of the C compiler identification source "CMakeCCompilerId.c" produced "a.out"

The C compiler identification is GNU, found in "/u/home/z/zhengton/project-sriram/GENIE_review/github/GENIE/build/CMakeFiles/2.8.12.2/CompilerIdC/a.out"

Compiling the CXX compiler identification source file "CMakeCXXCompilerId.cpp" succeeded.
Compiler: /u/local/compilers/gcc/7.5.0/bin/g++ 
Build flags: 
Id flags: 

The output was:
0


Compilation of the CXX compiler identification source "CMakeCXXCompilerId.cpp" produced "a.out"

The CXX compiler identification is GNU, found in "/u/home/z/zhengton/project-sriram/GENIE_review/github/GENIE/build/CMakeFiles/2.8.12.2/CompilerIdCXX/a.out"

Determining if the C compiler works passed with the following output:
Change Dir: /u/home/z/zhengton/project-sriram/GENIE_review/github/GENIE/build/CMakeFiles/CMakeTmp

Run Build Command:/usr/bin/gmake "cmTryCompileExec852114326/fast"
/usr/bin/gmake -f CMakeFiles/cmTryCompileExec852114326.dir/build.make CMakeFiles/cmTryCompileExec852114326.dir/build
gmake[1]: Entering directory `/u/project/sriram/zhengton/GENIE_review/github/GENIE/build/CMakeFiles/CMakeTmp'
/usr/bin/cmake -E cmake_progress_report /u/home/z/zhengton/project-sriram/GENIE_review/github/GENIE/build/CMakeFiles/CMakeTmp/CMakeFiles 1
Building C object CMakeFiles/cmTryCompileExec852114326.dir/testCCompiler.c.o
/u/local/compilers/gcc/7.5.0/bin/gcc    -o CMakeFiles/cmTryCompileExec852114326.dir/testCCompiler.c.o   -c /u/home/z/zhengton/project-sriram/GENIE_review/github/GENIE/build/CMakeFiles/CMakeTmp/testCCompiler.c
Linking C executable cmTryCompileExec852114326
/usr/bin/cmake -E cmake_link_script CMakeFiles/cmTryCompileExec852114326.dir/link.txt --verbose=1
/u/local/compilers/gcc/7.5.0/bin/gcc       CMakeFiles/cmTryCompileExec852114326.dir/testCCompiler.c.o  -o cmTryCompileExec852114326 -rdynamic 
gmake[1]: Leaving directory `/u/project/sriram/zhengton/GENIE_review/github/GENIE/build/CMakeFiles/CMakeTmp'


Detecting C compiler ABI info compiled with the following output:
Change Dir: /u/home/z/zhengton/project-sriram/GENIE_review/github/GENIE/build/CMakeFiles/CMakeTmp

Run Build Command:/usr/bin/gmake "cmTryCompileExec1106365590/fast"
/usr/bin/gmake -f CMakeFiles/cmTryCompileExec1106365590.dir/build.make CMakeFiles/cmTryCompileExec1106365590.dir/build
gmake[1]: Entering directory `/u/project/sriram/zhengton/GENIE_review/github/GENIE/build/CMakeFiles/CMakeTmp'
/usr/bin/cmake -E cmake_progress_report /u/home/z/zhengton/project-sriram/GENIE_review/github/GENIE/build/CMakeFiles/CMakeTmp/CMakeFiles 1
Building C object CMakeFiles/cmTryCompileExec1106365590.dir/CMakeCCompilerABI.c.o
/u/local/compilers/gcc/7.5.0/bin/gcc    -o CMakeFiles/cmTryCompileExec1106365590.dir/CMakeCCompilerABI.c.o   -c /usr/share/cmake/Modules/CMakeCCompilerABI.c
Linking C executable cmTryCompileExec1106365590
/usr/bin/cmake -E cmake_link_script CMakeFiles/cmTryCompileExec1106365590.dir/link.txt --verbose=1
/u/local/compilers/gcc/7.5.0/bin/gcc     -v CMakeFiles/cmTryCompileExec1106365590.dir/CMakeCCompilerABI.c.o  -o cmTryCompileExec1106365590 -rdynamic  
Using built-in specs.
COLLECT_GCC=/u/local/compilers/gcc/7.5.0/bin/gcc
COLLECT_LTO_WRAPPER=/u/local/compilers/gcc/7.5.0/libexec/gcc/x86_64-pc-linux-gnu/7.5.0/lto-wrapper
Target: x86_64-pc-linux-gnu
Configured with: ../gcc-7.5.0/configure --prefix=/u/local/compilers/gcc/7.5.0 --disable-multilib --enable-languages=c,c++,fortran,jit --enable-checking=release --enable-host-shared --with-pic
Thread model: posix
gcc version 7.5.0 (GCC) 
COMPILER_PATH=/u/local/compilers/gcc/7.5.0/libexec/gcc/x86_64-pc-linux-gnu/7.5.0/:/u/local/compilers/gcc/7.5.0/libexec/gcc/x86_64-pc-linux-gnu/7.5.0/:/u/local/compilers/gcc/7.5.0/libexec/gcc/x86_64-pc-linux-gnu/:/u/local/compilers/gcc/7.5.0/lib/gcc/x86_64-pc-linux-gnu/7.5.0/:/u/local/compilers/gcc/7.5.0/lib/gcc/x86_64-pc-linux-gnu/:/u/local/compilers/gcc/7.5.0/lib/gcc/x86_64-pc-linux-gnu/7.5.0/../../../../x86_64-pc-linux-gnu/bin/
LIBRARY_PATH=/u/local/compilers/gcc/7.5.0/lib64/../lib64/:/u/local/compilers/gcc/7.5.0/lib/../lib64/:/u/local/compilers/gcc/7.5.0/lib/gcc/x86_64-pc-linux-gnu/7.5.0/:/u/local/compilers/gcc/7.5.0/lib/gcc/x86_64-pc-linux-gnu/7.5.0/../../../../lib64/:/lib/../lib64/:/usr/lib/../lib64/:/u/local/compilers/gcc/7.5.0/lib64/:/u/local/compilers/gcc/7.5.0/lib/:/u/local/compilers/intel/2020.4/compilers_and_libraries_2020.4.304/linux/compiler/lib/intel64_lin/:/u/local/compilers/intel/2020.4/compilers_and_libraries_2020.4.304/linux/daal/../tbb/lib/intel64_lin/gcc4.8/:/u/local/compilers/intel/2020.4/compilers_and_libraries_2020.4.304/linux/daal/lib/intel64_lin/:/u/local/compilers/intel/2020.4/compilers_and_libraries_2020.4.304/linux/ipp/../tbb/lib/intel64/gcc4.8/:/u/local/compilers/intel/2020.4/compilers_and_libraries_2020.4.304/linux/ipp/lib/intel64/:/u/local/compilers/intel/2020.4/compilers_and_libraries_2020.4.304/linux/mkl/lib/intel64_lin/:/u/local/compilers/intel/2020.4/compilers_and_libraries_2020.4.304/linux/mpi/intel64/lib/:/u/local/compilers/intel/2020.4/compilers_and_libraries_2020.4.304/linux/mpi/intel64/lib/release/:/u/local/compilers/intel/2020.4/compilers_and_libraries_2020.4.304/linux/mpi/intel64/libfabric/lib/:/u/local/compilers/intel/2020.4/compilers_and_libraries_2020.4.304/linux/tbb/lib/intel64/gcc4.8/:/u/local/compilers/intel/2020.4/debugger_2020/libipt/intel64/lib/:/u/local/compilers/intel/2020.4/debugger_2020/python/intel64/lib/:/u/local/compilers/gcc/7.5.0/lib/gcc/x86_64-pc-linux-gnu/7.5.0/../../../../x86_64-pc-linux-gnu/lib/:/u/local/compilers/gcc/7.5.0/lib/gcc/x86_64-pc-linux-gnu/7.5.0/../../../:/lib/:/usr/lib/
COLLECT_GCC_OPTIONS='-v' '-o' 'cmTryCompileExec1106365590' '-rdynamic' '-mtune=generic' '-march=x86-64'
 /u/local/compilers/gcc/7.5.0/libexec/gcc/x86_64-pc-linux-gnu/7.5.0/collect2 -plugin /u/local/compilers/gcc/7.5.0/libexec/gcc/x86_64-pc-linux-gnu/7.5.0/liblto_plugin.so -plugin-opt=/u/local/compilers/gcc/7.5.0/libexec/gcc/x86_64-pc-linux-gnu/7.5.0/lto-wrapper -plugin-opt=-fresolution=/tmp/ccKVNzG9.res -plugin-opt=-pass-through=-lgcc -plugin-opt=-pass-through=-lgcc_s -plugin-opt=-pass-through=-lc -plugin-opt=-pass-through=-lgcc -plugin-opt=-pass-through=-lgcc_s --eh-frame-hdr -m elf_x86_64 -export-dynamic -dynamic-linker /lib64/ld-linux-x86-64.so.2 -o cmTryCompileExec1106365590 /lib/../lib64/crt1.o /lib/../lib64/crti.o /u/local/compilers/gcc/7.5.0/lib/gcc/x86_64-pc-linux-gnu/7.5.0/crtbegin.o -L/u/local/compilers/gcc/7.5.0/lib64/../lib64 -L/u/local/compilers/gcc/7.5.0/lib/../lib64 -L/u/local/compilers/gcc/7.5.0/lib/gcc/x86_64-pc-linux-gnu/7.5.0 -L/u/local/compilers/gcc/7.5.0/lib/gcc/x86_64-pc-linux-gnu/7.5.0/../../../../lib64 -L/lib/../lib64 -L/usr/lib/../lib64 -L/u/local/compilers/gcc/7.5.0/lib64 -L/u/local/compilers/gcc/7.5.0/lib -L/u/local/compilers/intel/2020.4/compilers_and_libraries_2020.4.304/linux/compiler/lib/intel64_lin -L/u/local/compilers/intel/2020.4/compilers_and_libraries_2020.4.304/linux/daal/../tbb/lib/intel64_lin/gcc4.8 -L/u/local/compilers/intel/2020.4/compilers_and_libraries_2020.4.304/linux/daal/lib/intel64_lin -L/u/local/compilers/intel/2020.4/compilers_and_libraries_2020.4.304/linux/ipp/../tbb/lib/intel64/gcc4.8 -L/u/local/compilers/intel/2020.4/compilers_and_libraries_2020.4.304/linux/ipp/lib/intel64 -L/u/local/compilers/intel/2020.4/compilers_and_libraries_2020.4.304/linux/mkl/lib/intel64_lin -L/u/local/compilers/intel/2020.4/compilers_and_libraries_2020.4.304/linux/mpi/intel64/lib -L/u/local/compilers/intel/2020.4/compilers_and_libraries_2020.4.304/linux/mpi/intel64/lib/release -L/u/local/compilers/intel/2020.4/compilers_and_libraries_2020.4.304/linux/mpi/intel64/libfabric/lib -L/u/local/compilers/intel/2020.4/compilers_and_libraries_2020.4.304/linux/tbb/lib/intel64/gcc4.8 -L/u/local/compilers/intel/2020.4/debugger_2020/libipt/intel64/lib -L/u/local/compilers/intel/2020.4/debugger_2020/python/intel64/lib -L/u/local/compilers/gcc/7.5.0/lib/gcc/x86_64-pc-linux-gnu/7.5.0/../../../../x86_64-pc-linux-gnu/lib -L/u/local/compilers/gcc/7.5.0/lib/gcc/x86_64-pc-linux-gnu/7.5.0/../../.. CMakeFiles/cmTryCompileExec1106365590.dir/CMakeCCompilerABI.c.o -lgcc --as-needed -lgcc_s --no-as-needed -lc -lgcc --as-needed -lgcc_s --no-as-needed /u/local/compilers/gcc/7.5.0/lib/gcc/x86_64-pc-linux-gnu/7.5.0/crtend.o /lib/../lib64/crtn.o
COLLECT_GCC_OPTIONS='-v' '-o' 'cmTryCompileExec1106365590' '-rdynamic' '-mtune=generic' '-march=x86-64'
gmake[1]: Leaving directory `/u/project/sriram/zhengton/GENIE_review/github/GENIE/build/CMakeFiles/CMakeTmp'


Parsed C implicit link information from above output:
  link line regex: [^( *|.*[/\])(ld|([^/\]+-)?ld|collect2)[^/\]*( |$)]
  ignore line: [Change Dir: /u/home/z/zhengton/project-sriram/GENIE_review/github/GENIE/build/CMakeFiles/CMakeTmp]
  ignore line: []
  ignore line: [Run Build Command:/usr/bin/gmake "cmTryCompileExec1106365590/fast"]
  ignore line: [/usr/bin/gmake -f CMakeFiles/cmTryCompileExec1106365590.dir/build.make CMakeFiles/cmTryCompileExec1106365590.dir/build]
  ignore line: [gmake[1]: Entering directory `/u/project/sriram/zhengton/GENIE_review/github/GENIE/build/CMakeFiles/CMakeTmp']
  ignore line: [/usr/bin/cmake -E cmake_progress_report /u/home/z/zhengton/project-sriram/GENIE_review/github/GENIE/build/CMakeFiles/CMakeTmp/CMakeFiles 1]
  ignore line: [Building C object CMakeFiles/cmTryCompileExec1106365590.dir/CMakeCCompilerABI.c.o]
  ignore line: [/u/local/compilers/gcc/7.5.0/bin/gcc    -o CMakeFiles/cmTryCompileExec1106365590.dir/CMakeCCompilerABI.c.o   -c /usr/share/cmake/Modules/CMakeCCompilerABI.c]
  ignore line: [Linking C executable cmTryCompileExec1106365590]
  ignore line: [/usr/bin/cmake -E cmake_link_script CMakeFiles/cmTryCompileExec1106365590.dir/link.txt --verbose=1]
  ignore line: [/u/local/compilers/gcc/7.5.0/bin/gcc     -v CMakeFiles/cmTryCompileExec1106365590.dir/CMakeCCompilerABI.c.o  -o cmTryCompileExec1106365590 -rdynamic  ]
  ignore line: [Using built-in specs.]
  ignore line: [COLLECT_GCC=/u/local/compilers/gcc/7.5.0/bin/gcc]
  ignore line: [COLLECT_LTO_WRAPPER=/u/local/compilers/gcc/7.5.0/libexec/gcc/x86_64-pc-linux-gnu/7.5.0/lto-wrapper]
  ignore line: [Target: x86_64-pc-linux-gnu]
  ignore line: [Configured with: ../gcc-7.5.0/configure --prefix=/u/local/compilers/gcc/7.5.0 --disable-multilib --enable-languages=c,c++,fortran,jit --enable-checking=release --enable-host-shared --with-pic]
  ignore line: [Thread model: posix]
  ignore line: [gcc version 7.5.0 (GCC) ]
  ignore line: [COMPILER_PATH=/u/local/compilers/gcc/7.5.0/libexec/gcc/x86_64-pc-linux-gnu/7.5.0/:/u/local/compilers/gcc/7.5.0/libexec/gcc/x86_64-pc-linux-gnu/7.5.0/:/u/local/compilers/gcc/7.5.0/libexec/gcc/x86_64-pc-linux-gnu/:/u/local/compilers/gcc/7.5.0/lib/gcc/x86_64-pc-linux-gnu/7.5.0/:/u/local/compilers/gcc/7.5.0/lib/gcc/x86_64-pc-linux-gnu/:/u/local/compilers/gcc/7.5.0/lib/gcc/x86_64-pc-linux-gnu/7.5.0/../../../../x86_64-pc-linux-gnu/bin/]
  ignore line: [LIBRARY_PATH=/u/local/compilers/gcc/7.5.0/lib64/../lib64/:/u/local/compilers/gcc/7.5.0/lib/../lib64/:/u/local/compilers/gcc/7.5.0/lib/gcc/x86_64-pc-linux-gnu/7.5.0/:/u/local/compilers/gcc/7.5.0/lib/gcc/x86_64-pc-linux-gnu/7.5.0/../../../../lib64/:/lib/../lib64/:/usr/lib/../lib64/:/u/local/compilers/gcc/7.5.0/lib64/:/u/local/compilers/gcc/7.5.0/lib/:/u/local/compilers/intel/2020.4/compilers_and_libraries_2020.4.304/linux/compiler/lib/intel64_lin/:/u/local/compilers/intel/2020.4/compilers_and_libraries_2020.4.304/linux/daal/../tbb/lib/intel64_lin/gcc4.8/:/u/local/compilers/intel/2020.4/compilers_and_libraries_2020.4.304/linux/daal/lib/intel64_lin/:/u/local/compilers/intel/2020.4/compilers_and_libraries_2020.4.304/linux/ipp/../tbb/lib/intel64/gcc4.8/:/u/local/compilers/intel/2020.4/compilers_and_libraries_2020.4.304/linux/ipp/lib/intel64/:/u/local/compilers/intel/2020.4/compilers_and_libraries_2020.4.304/linux/mkl/lib/intel64_lin/:/u/local/compilers/intel/2020.4/compilers_and_libraries_2020.4.304/linux/mpi/intel64/lib/:/u/local/compilers/intel/2020.4/compilers_and_libraries_2020.4.304/linux/mpi/intel64/lib/release/:/u/local/compilers/intel/2020.4/compilers_and_libraries_2020.4.304/linux/mpi/intel64/libfabric/lib/:/u/local/compilers/intel/2020.4/compilers_and_libraries_2020.4.304/linux/tbb/lib/intel64/gcc4.8/:/u/local/compilers/intel/2020.4/debugger_2020/libipt/intel64/lib/:/u/local/compilers/intel/2020.4/debugger_2020/python/intel64/lib/:/u/local/compilers/gcc/7.5.0/lib/gcc/x86_64-pc-linux-gnu/7.5.0/../../../../x86_64-pc-linux-gnu/lib/:/u/local/compilers/gcc/7.5.0/lib/gcc/x86_64-pc-linux-gnu/7.5.0/../../../:/lib/:/usr/lib/]
  ignore line: [COLLECT_GCC_OPTIONS='-v' '-o' 'cmTryCompileExec1106365590' '-rdynamic' '-mtune=generic' '-march=x86-64']
  link line: [ /u/local/compilers/gcc/7.5.0/libexec/gcc/x86_64-pc-linux-gnu/7.5.0/collect2 -plugin /u/local/compilers/gcc/7.5.0/libexec/gcc/x86_64-pc-linux-gnu/7.5.0/liblto_plugin.so -plugin-opt=/u/local/compilers/gcc/7.5.0/libexec/gcc/x86_64-pc-linux-gnu/7.5.0/lto-wrapper -plugin-opt=-fresolution=/tmp/ccKVNzG9.res -plugin-opt=-pass-through=-lgcc -plugin-opt=-pass-through=-lgcc_s -plugin-opt=-pass-through=-lc -plugin-opt=-pass-through=-lgcc -plugin-opt=-pass-through=-lgcc_s --eh-frame-hdr -m elf_x86_64 -export-dynamic -dynamic-linker /lib64/ld-linux-x86-64.so.2 -o cmTryCompileExec1106365590 /lib/../lib64/crt1.o /lib/../lib64/crti.o /u/local/compilers/gcc/7.5.0/lib/gcc/x86_64-pc-linux-gnu/7.5.0/crtbegin.o -L/u/local/compilers/gcc/7.5.0/lib64/../lib64 -L/u/local/compilers/gcc/7.5.0/lib/../lib64 -L/u/local/compilers/gcc/7.5.0/lib/gcc/x86_64-pc-linux-gnu/7.5.0 -L/u/local/compilers/gcc/7.5.0/lib/gcc/x86_64-pc-linux-gnu/7.5.0/../../../../lib64 -L/lib/../lib64 -L/usr/lib/../lib64 -L/u/local/compilers/gcc/7.5.0/lib64 -L/u/local/compilers/gcc/7.5.0/lib -L/u/local/compilers/intel/2020.4/compilers_and_libraries_2020.4.304/linux/compiler/lib/intel64_lin -L/u/local/compilers/intel/2020.4/compilers_and_libraries_2020.4.304/linux/daal/../tbb/lib/intel64_lin/gcc4.8 -L/u/local/compilers/intel/2020.4/compilers_and_libraries_2020.4.304/linux/daal/lib/intel64_lin -L/u/local/compilers/intel/2020.4/compilers_and_libraries_2020.4.304/linux/ipp/../tbb/lib/intel64/gcc4.8 -L/u/local/compilers/intel/2020.4/compilers_and_libraries_2020.4.304/linux/ipp/lib/intel64 -L/u/local/compilers/intel/2020.4/compilers_and_libraries_2020.4.304/linux/mkl/lib/intel64_lin -L/u/local/compilers/intel/2020.4/compilers_and_libraries_2020.4.304/linux/mpi/intel64/lib -L/u/local/compilers/intel/2020.4/compilers_and_libraries_2020.4.304/linux/mpi/intel64/lib/release -L/u/local/compilers/intel/2020.4/compilers_and_libraries_2020.4.304/linux/mpi/intel64/libfabric/lib -L/u/local/compilers/intel/2020.4/compilers_and_libraries_2020.4.304/linux/tbb/lib/intel64/gcc4.8 -L/u/local/compilers/intel/2020.4/debugger_2020/libipt/intel64/lib -L/u/local/compilers/intel/2020.4/debugger_2020/python/intel64/lib -L/u/local/compilers/gcc/7.5.0/lib/gcc/x86_64-pc-linux-gnu/7.5.0/../../../../x86_64-pc-linux-gnu/lib -L/u/local/compilers/gcc/7.5.0/lib/gcc/x86_64-pc-linux-gnu/7.5.0/../../.. CMakeFiles/cmTryCompileExec1106365590.dir/CMakeCCompilerABI.c.o -lgcc --as-needed -lgcc_s --no-as-needed -lc -lgcc --as-needed -lgcc_s --no-as-needed /u/local/compilers/gcc/7.5.0/lib/gcc/x86_64-pc-linux-gnu/7.5.0/crtend.o /lib/../lib64/crtn.o]
    arg [/u/local/compilers/gcc/7.5.0/libexec/gcc/x86_64-pc-linux-gnu/7.5.0/collect2] ==> ignore
    arg [-plugin] ==> ignore
    arg [/u/local/compilers/gcc/7.5.0/libexec/gcc/x86_64-pc-linux-gnu/7.5.0/liblto_plugin.so] ==> ignore
    arg [-plugin-opt=/u/local/compilers/gcc/7.5.0/libexec/gcc/x86_64-pc-linux-gnu/7.5.0/lto-wrapper] ==> ignore
    arg [-plugin-opt=-fresolution=/tmp/ccKVNzG9.res] ==> ignore
    arg [-plugin-opt=-pass-through=-lgcc] ==> ignore
    arg [-plugin-opt=-pass-through=-lgcc_s] ==> ignore
    arg [-plugin-opt=-pass-through=-lc] ==> ignore
    arg [-plugin-opt=-pass-through=-lgcc] ==> ignore
    arg [-plugin-opt=-pass-through=-lgcc_s] ==> ignore
    arg [--eh-frame-hdr] ==> ignore
    arg [-m] ==> ignore
    arg [elf_x86_64] ==> ignore
    arg [-export-dynamic] ==> ignore
    arg [-dynamic-linker] ==> ignore
    arg [/lib64/ld-linux-x86-64.so.2] ==> ignore
    arg [-o] ==> ignore
    arg [cmTryCompileExec1106365590] ==> ignore
    arg [/lib/../lib64/crt1.o] ==> ignore
    arg [/lib/../lib64/crti.o] ==> ignore
    arg [/u/local/compilers/gcc/7.5.0/lib/gcc/x86_64-pc-linux-gnu/7.5.0/crtbegin.o] ==> ignore
    arg [-L/u/local/compilers/gcc/7.5.0/lib64/../lib64] ==> dir [/u/local/compilers/gcc/7.5.0/lib64/../lib64]
    arg [-L/u/local/compilers/gcc/7.5.0/lib/../lib64] ==> dir [/u/local/compilers/gcc/7.5.0/lib/../lib64]
    arg [-L/u/local/compilers/gcc/7.5.0/lib/gcc/x86_64-pc-linux-gnu/7.5.0] ==> dir [/u/local/compilers/gcc/7.5.0/lib/gcc/x86_64-pc-linux-gnu/7.5.0]
    arg [-L/u/local/compilers/gcc/7.5.0/lib/gcc/x86_64-pc-linux-gnu/7.5.0/../../../../lib64] ==> dir [/u/local/compilers/gcc/7.5.0/lib/gcc/x86_64-pc-linux-gnu/7.5.0/../../../../lib64]
    arg [-L/lib/../lib64] ==> dir [/lib/../lib64]
    arg [-L/usr/lib/../lib64] ==> dir [/usr/lib/../lib64]
    arg [-L/u/local/compilers/gcc/7.5.0/lib64] ==> dir [/u/local/compilers/gcc/7.5.0/lib64]
    arg [-L/u/local/compilers/gcc/7.5.0/lib] ==> dir [/u/local/compilers/gcc/7.5.0/lib]
    arg [-L/u/local/compilers/intel/2020.4/compilers_and_libraries_2020.4.304/linux/compiler/lib/intel64_lin] ==> dir [/u/local/compilers/intel/2020.4/compilers_and_libraries_2020.4.304/linux/compiler/lib/intel64_lin]
    arg [-L/u/local/compilers/intel/2020.4/compilers_and_libraries_2020.4.304/linux/daal/../tbb/lib/intel64_lin/gcc4.8] ==> dir [/u/local/compilers/intel/2020.4/compilers_and_libraries_2020.4.304/linux/daal/../tbb/lib/intel64_lin/gcc4.8]
    arg [-L/u/local/compilers/intel/2020.4/compilers_and_libraries_2020.4.304/linux/daal/lib/intel64_lin] ==> dir [/u/local/compilers/intel/2020.4/compilers_and_libraries_2020.4.304/linux/daal/lib/intel64_lin]
    arg [-L/u/local/compilers/intel/2020.4/compilers_and_libraries_2020.4.304/linux/ipp/../tbb/lib/intel64/gcc4.8] ==> dir [/u/local/compilers/intel/2020.4/compilers_and_libraries_2020.4.304/linux/ipp/../tbb/lib/intel64/gcc4.8]
    arg [-L/u/local/compilers/intel/2020.4/compilers_and_libraries_2020.4.304/linux/ipp/lib/intel64] ==> dir [/u/local/compilers/intel/2020.4/compilers_and_libraries_2020.4.304/linux/ipp/lib/intel64]
    arg [-L/u/local/compilers/intel/2020.4/compilers_and_libraries_2020.4.304/linux/mkl/lib/intel64_lin] ==> dir [/u/local/compilers/intel/2020.4/compilers_and_libraries_2020.4.304/linux/mkl/lib/intel64_lin]
    arg [-L/u/local/compilers/intel/2020.4/compilers_and_libraries_2020.4.304/linux/mpi/intel64/lib] ==> dir [/u/local/compilers/intel/2020.4/compilers_and_libraries_2020.4.304/linux/mpi/intel64/lib]
    arg [-L/u/local/compilers/intel/2020.4/compilers_and_libraries_2020.4.304/linux/mpi/intel64/lib/release] ==> dir [/u/local/compilers/intel/2020.4/compilers_and_libraries_2020.4.304/linux/mpi/intel64/lib/release]
    arg [-L/u/local/compilers/intel/2020.4/compilers_and_libraries_2020.4.304/linux/mpi/intel64/libfabric/lib] ==> dir [/u/local/compilers/intel/2020.4/compilers_and_libraries_2020.4.304/linux/mpi/intel64/libfabric/lib]
    arg [-L/u/local/compilers/intel/2020.4/compilers_and_libraries_2020.4.304/linux/tbb/lib/intel64/gcc4.8] ==> dir [/u/local/compilers/intel/2020.4/compilers_and_libraries_2020.4.304/linux/tbb/lib/intel64/gcc4.8]
    arg [-L/u/local/compilers/intel/2020.4/debugger_2020/libipt/intel64/lib] ==> dir [/u/local/compilers/intel/2020.4/debugger_2020/libipt/intel64/lib]
    arg [-L/u/local/compilers/intel/2020.4/debugger_2020/python/intel64/lib] ==> dir [/u/local/compilers/intel/2020.4/debugger_2020/python/intel64/lib]
    arg [-L/u/local/compilers/gcc/7.5.0/lib/gcc/x86_64-pc-linux-gnu/7.5.0/../../../../x86_64-pc-linux-gnu/lib] ==> dir [/u/local/compilers/gcc/7.5.0/lib/gcc/x86_64-pc-linux-gnu/7.5.0/../../../../x86_64-pc-linux-gnu/lib]
    arg [-L/u/local/compilers/gcc/7.5.0/lib/gcc/x86_64-pc-linux-gnu/7.5.0/../../..] ==> dir [/u/local/compilers/gcc/7.5.0/lib/gcc/x86_64-pc-linux-gnu/7.5.0/../../..]
    arg [CMakeFiles/cmTryCompileExec1106365590.dir/CMakeCCompilerABI.c.o] ==> ignore
    arg [-lgcc] ==> lib [gcc]
    arg [--as-needed] ==> ignore
    arg [-lgcc_s] ==> lib [gcc_s]
    arg [--no-as-needed] ==> ignore
    arg [-lc] ==> lib [c]
    arg [-lgcc] ==> lib [gcc]
    arg [--as-needed] ==> ignore
    arg [-lgcc_s] ==> lib [gcc_s]
    arg [--no-as-needed] ==> ignore
    arg [/u/local/compilers/gcc/7.5.0/lib/gcc/x86_64-pc-linux-gnu/7.5.0/crtend.o] ==> ignore
    arg [/lib/../lib64/crtn.o] ==> ignore
  remove lib [gcc]
  remove lib [gcc_s]
  remove lib [gcc]
  remove lib [gcc_s]
  collapse library dir [/u/local/compilers/gcc/7.5.0/lib64/../lib64] ==> [/u/local/compilers/gcc/7.5.0/lib64]
  collapse library dir [/u/local/compilers/gcc/7.5.0/lib/../lib64] ==> [/u/local/compilers/gcc/7.5.0/lib64]
  collapse library dir [/u/local/compilers/gcc/7.5.0/lib/gcc/x86_64-pc-linux-gnu/7.5.0] ==> [/u/local/compilers/gcc/7.5.0/lib/gcc/x86_64-pc-linux-gnu/7.5.0]
  collapse library dir [/u/local/compilers/gcc/7.5.0/lib/gcc/x86_64-pc-linux-gnu/7.5.0/../../../../lib64] ==> [/u/local/compilers/gcc/7.5.0/lib64]
  collapse library dir [/lib/../lib64] ==> [/lib64]
  collapse library dir [/usr/lib/../lib64] ==> [/usr/lib64]
  collapse library dir [/u/local/compilers/gcc/7.5.0/lib64] ==> [/u/local/compilers/gcc/7.5.0/lib64]
  collapse library dir [/u/local/compilers/gcc/7.5.0/lib] ==> [/u/local/compilers/gcc/7.5.0/lib]
  collapse library dir [/u/local/compilers/intel/2020.4/compilers_and_libraries_2020.4.304/linux/compiler/lib/intel64_lin] ==> [/u/local/compilers/intel/2020.4/compilers_and_libraries_2020.4.304/linux/compiler/lib/intel64_lin]
  collapse library dir [/u/local/compilers/intel/2020.4/compilers_and_libraries_2020.4.304/linux/daal/../tbb/lib/intel64_lin/gcc4.8] ==> [/u/local/compilers/intel/2020.4/compilers_and_libraries_2020.4.304/linux/tbb/lib/intel64_lin/gcc4.8]
  collapse library dir [/u/local/compilers/intel/2020.4/compilers_and_libraries_2020.4.304/linux/daal/lib/intel64_lin] ==> [/u/local/compilers/intel/2020.4/compilers_and_libraries_2020.4.304/linux/daal/lib/intel64_lin]
  collapse library dir [/u/local/compilers/intel/2020.4/compilers_and_libraries_2020.4.304/linux/ipp/../tbb/lib/intel64/gcc4.8] ==> [/u/local/compilers/intel/2020.4/compilers_and_libraries_2020.4.304/linux/tbb/lib/intel64/gcc4.8]
  collapse library dir [/u/local/compilers/intel/2020.4/compilers_and_libraries_2020.4.304/linux/ipp/lib/intel64] ==> [/u/local/compilers/intel/2020.4/compilers_and_libraries_2020.4.304/linux/ipp/lib/intel64]
  collapse library dir [/u/local/compilers/intel/2020.4/compilers_and_libraries_2020.4.304/linux/mkl/lib/intel64_lin] ==> [/u/local/compilers/intel/2020.4/compilers_and_libraries_2020.4.304/linux/mkl/lib/intel64_lin]
  collapse library dir [/u/local/compilers/intel/2020.4/compilers_and_libraries_2020.4.304/linux/mpi/intel64/lib] ==> [/u/local/compilers/intel/2020.4/compilers_and_libraries_2020.4.304/linux/mpi/intel64/lib]
  collapse library dir [/u/local/compilers/intel/2020.4/compilers_and_libraries_2020.4.304/linux/mpi/intel64/lib/release] ==> [/u/local/compilers/intel/2020.4/compilers_and_libraries_2020.4.304/linux/mpi/intel64/lib/release]
  collapse library dir [/u/local/compilers/intel/2020.4/compilers_and_libraries_2020.4.304/linux/mpi/intel64/libfabric/lib] ==> [/u/local/compilers/intel/2020.4/compilers_and_libraries_2020.4.304/linux/mpi/intel64/libfabric/lib]
  collapse library dir [/u/local/compilers/intel/2020.4/compilers_and_libraries_2020.4.304/linux/tbb/lib/intel64/gcc4.8] ==> [/u/local/compilers/intel/2020.4/compilers_and_libraries_2020.4.304/linux/tbb/lib/intel64/gcc4.8]
  collapse library dir [/u/local/compilers/intel/2020.4/debugger_2020/libipt/intel64/lib] ==> [/u/local/compilers/intel/2020.4/debugger_2020/libipt/intel64/lib]
  collapse library dir [/u/local/compilers/intel/2020.4/debugger_2020/python/intel64/lib] ==> [/u/local/compilers/intel/2020.4/debugger_2020/python/intel64/lib]
  collapse library dir [/u/local/compilers/gcc/7.5.0/lib/gcc/x86_64-pc-linux-gnu/7.5.0/../../../../x86_64-pc-linux-gnu/lib] ==> [/u/local/compilers/gcc/7.5.0/x86_64-pc-linux-gnu/lib]
  collapse library dir [/u/local/compilers/gcc/7.5.0/lib/gcc/x86_64-pc-linux-gnu/7.5.0/../../..] ==> [/u/local/compilers/gcc/7.5.0/lib]
  implicit libs: [c]
  implicit dirs: [/u/local/compilers/gcc/7.5.0/lib64;/u/local/compilers/gcc/7.5.0/lib/gcc/x86_64-pc-linux-gnu/7.5.0;/lib64;/usr/lib64;/u/local/compilers/gcc/7.5.0/lib;/u/local/compilers/intel/2020.4/compilers_and_libraries_2020.4.304/linux/compiler/lib/intel64_lin;/u/local/compilers/intel/2020.4/compilers_and_libraries_2020.4.304/linux/tbb/lib/intel64_lin/gcc4.8;/u/local/compilers/intel/2020.4/compilers_and_libraries_2020.4.304/linux/daal/lib/intel64_lin;/u/local/compilers/intel/2020.4/compilers_and_libraries_2020.4.304/linux/tbb/lib/intel64/gcc4.8;/u/local/compilers/intel/2020.4/compilers_and_libraries_2020.4.304/linux/ipp/lib/intel64;/u/local/compilers/intel/2020.4/compilers_and_libraries_2020.4.304/linux/mkl/lib/intel64_lin;/u/local/compilers/intel/2020.4/compilers_and_libraries_2020.4.304/linux/mpi/intel64/lib;/u/local/compilers/intel/2020.4/compilers_and_libraries_2020.4.304/linux/mpi/intel64/lib/release;/u/local/compilers/intel/2020.4/compilers_and_libraries_2020.4.304/linux/mpi/intel64/libfabric/lib;/u/local/compilers/intel/2020.4/debugger_2020/libipt/intel64/lib;/u/local/compilers/intel/2020.4/debugger_2020/python/intel64/lib;/u/local/compilers/gcc/7.5.0/x86_64-pc-linux-gnu/lib]
  implicit fwks: []


Determining if the CXX compiler works passed with the following output:
Change Dir: /u/home/z/zhengton/project-sriram/GENIE_review/github/GENIE/build/CMakeFiles/CMakeTmp

Run Build Command:/usr/bin/gmake "cmTryCompileExec288775798/fast"
/usr/bin/gmake -f CMakeFiles/cmTryCompileExec288775798.dir/build.make CMakeFiles/cmTryCompileExec288775798.dir/build
gmake[1]: Entering directory `/u/project/sriram/zhengton/GENIE_review/github/GENIE/build/CMakeFiles/CMakeTmp'
/usr/bin/cmake -E cmake_progress_report /u/home/z/zhengton/project-sriram/GENIE_review/github/GENIE/build/CMakeFiles/CMakeTmp/CMakeFiles 1
Building CXX object CMakeFiles/cmTryCompileExec288775798.dir/testCXXCompiler.cxx.o
/u/local/compilers/gcc/7.5.0/bin/g++     -o CMakeFiles/cmTryCompileExec288775798.dir/testCXXCompiler.cxx.o -c /u/home/z/zhengton/project-sriram/GENIE_review/github/GENIE/build/CMakeFiles/CMakeTmp/testCXXCompiler.cxx
Linking CXX executable cmTryCompileExec288775798
/usr/bin/cmake -E cmake_link_script CMakeFiles/cmTryCompileExec288775798.dir/link.txt --verbose=1
/u/local/compilers/gcc/7.5.0/bin/g++        CMakeFiles/cmTryCompileExec288775798.dir/testCXXCompiler.cxx.o  -o cmTryCompileExec288775798 -rdynamic 
gmake[1]: Leaving directory `/u/project/sriram/zhengton/GENIE_review/github/GENIE/build/CMakeFiles/CMakeTmp'


Detecting CXX compiler ABI info compiled with the following output:
Change Dir: /u/home/z/zhengton/project-sriram/GENIE_review/github/GENIE/build/CMakeFiles/CMakeTmp

Run Build Command:/usr/bin/gmake "cmTryCompileExec893823740/fast"
/usr/bin/gmake -f CMakeFiles/cmTryCompileExec893823740.dir/build.make CMakeFiles/cmTryCompileExec893823740.dir/build
gmake[1]: Entering directory `/u/project/sriram/zhengton/GENIE_review/github/GENIE/build/CMakeFiles/CMakeTmp'
/usr/bin/cmake -E cmake_progress_report /u/home/z/zhengton/project-sriram/GENIE_review/github/GENIE/build/CMakeFiles/CMakeTmp/CMakeFiles 1
Building CXX object CMakeFiles/cmTryCompileExec893823740.dir/CMakeCXXCompilerABI.cpp.o
/u/local/compilers/gcc/7.5.0/bin/g++     -o CMakeFiles/cmTryCompileExec893823740.dir/CMakeCXXCompilerABI.cpp.o -c /usr/share/cmake/Modules/CMakeCXXCompilerABI.cpp
Linking CXX executable cmTryCompileExec893823740
/usr/bin/cmake -E cmake_link_script CMakeFiles/cmTryCompileExec893823740.dir/link.txt --verbose=1
/u/local/compilers/gcc/7.5.0/bin/g++      -v CMakeFiles/cmTryCompileExec893823740.dir/CMakeCXXCompilerABI.cpp.o  -o cmTryCompileExec893823740 -rdynamic  
Using built-in specs.
COLLECT_GCC=/u/local/compilers/gcc/7.5.0/bin/g++
COLLECT_LTO_WRAPPER=/u/local/compilers/gcc/7.5.0/libexec/gcc/x86_64-pc-linux-gnu/7.5.0/lto-wrapper
Target: x86_64-pc-linux-gnu
Configured with: ../gcc-7.5.0/configure --prefix=/u/local/compilers/gcc/7.5.0 --disable-multilib --enable-languages=c,c++,fortran,jit --enable-checking=release --enable-host-shared --with-pic
Thread model: posix
gcc version 7.5.0 (GCC) 
COMPILER_PATH=/u/local/compilers/gcc/7.5.0/libexec/gcc/x86_64-pc-linux-gnu/7.5.0/:/u/local/compilers/gcc/7.5.0/libexec/gcc/x86_64-pc-linux-gnu/7.5.0/:/u/local/compilers/gcc/7.5.0/libexec/gcc/x86_64-pc-linux-gnu/:/u/local/compilers/gcc/7.5.0/lib/gcc/x86_64-pc-linux-gnu/7.5.0/:/u/local/compilers/gcc/7.5.0/lib/gcc/x86_64-pc-linux-gnu/:/u/local/compilers/gcc/7.5.0/lib/gcc/x86_64-pc-linux-gnu/7.5.0/../../../../x86_64-pc-linux-gnu/bin/
LIBRARY_PATH=/u/local/compilers/gcc/7.5.0/lib64/../lib64/:/u/local/compilers/gcc/7.5.0/lib/../lib64/:/u/local/compilers/gcc/7.5.0/lib/gcc/x86_64-pc-linux-gnu/7.5.0/:/u/local/compilers/gcc/7.5.0/lib/gcc/x86_64-pc-linux-gnu/7.5.0/../../../../lib64/:/lib/../lib64/:/usr/lib/../lib64/:/u/local/compilers/gcc/7.5.0/lib64/:/u/local/compilers/gcc/7.5.0/lib/:/u/local/compilers/intel/2020.4/compilers_and_libraries_2020.4.304/linux/compiler/lib/intel64_lin/:/u/local/compilers/intel/2020.4/compilers_and_libraries_2020.4.304/linux/daal/../tbb/lib/intel64_lin/gcc4.8/:/u/local/compilers/intel/2020.4/compilers_and_libraries_2020.4.304/linux/daal/lib/intel64_lin/:/u/local/compilers/intel/2020.4/compilers_and_libraries_2020.4.304/linux/ipp/../tbb/lib/intel64/gcc4.8/:/u/local/compilers/intel/2020.4/compilers_and_libraries_2020.4.304/linux/ipp/lib/intel64/:/u/local/compilers/intel/2020.4/compilers_and_libraries_2020.4.304/linux/mkl/lib/intel64_lin/:/u/local/compilers/intel/2020.4/compilers_and_libraries_2020.4.304/linux/mpi/intel64/lib/:/u/local/compilers/intel/2020.4/compilers_and_libraries_2020.4.304/linux/mpi/intel64/lib/release/:/u/local/compilers/intel/2020.4/compilers_and_libraries_2020.4.304/linux/mpi/intel64/libfabric/lib/:/u/local/compilers/intel/2020.4/compilers_and_libraries_2020.4.304/linux/tbb/lib/intel64/gcc4.8/:/u/local/compilers/intel/2020.4/debugger_2020/libipt/intel64/lib/:/u/local/compilers/intel/2020.4/debugger_2020/python/intel64/lib/:/u/local/compilers/gcc/7.5.0/lib/gcc/x86_64-pc-linux-gnu/7.5.0/../../../../x86_64-pc-linux-gnu/lib/:/u/local/compilers/gcc/7.5.0/lib/gcc/x86_64-pc-linux-gnu/7.5.0/../../../:/lib/:/usr/lib/
COLLECT_GCC_OPTIONS='-v' '-o' 'cmTryCompileExec893823740' '-rdynamic' '-shared-libgcc' '-mtune=generic' '-march=x86-64'
 /u/local/compilers/gcc/7.5.0/libexec/gcc/x86_64-pc-linux-gnu/7.5.0/collect2 -plugin /u/local/compilers/gcc/7.5.0/libexec/gcc/x86_64-pc-linux-gnu/7.5.0/liblto_plugin.so -plugin-opt=/u/local/compilers/gcc/7.5.0/libexec/gcc/x86_64-pc-linux-gnu/7.5.0/lto-wrapper -plugin-opt=-fresolution=/tmp/ccZBWMLJ.res -plugin-opt=-pass-through=-lgcc_s -plugin-opt=-pass-through=-lgcc -plugin-opt=-pass-through=-lc -plugin-opt=-pass-through=-lgcc_s -plugin-opt=-pass-through=-lgcc --eh-frame-hdr -m elf_x86_64 -export-dynamic -dynamic-linker /lib64/ld-linux-x86-64.so.2 -o cmTryCompileExec893823740 /lib/../lib64/crt1.o /lib/../lib64/crti.o /u/local/compilers/gcc/7.5.0/lib/gcc/x86_64-pc-linux-gnu/7.5.0/crtbegin.o -L/u/local/compilers/gcc/7.5.0/lib64/../lib64 -L/u/local/compilers/gcc/7.5.0/lib/../lib64 -L/u/local/compilers/gcc/7.5.0/lib/gcc/x86_64-pc-linux-gnu/7.5.0 -L/u/local/compilers/gcc/7.5.0/lib/gcc/x86_64-pc-linux-gnu/7.5.0/../../../../lib64 -L/lib/../lib64 -L/usr/lib/../lib64 -L/u/local/compilers/gcc/7.5.0/lib64 -L/u/local/compilers/gcc/7.5.0/lib -L/u/local/compilers/intel/2020.4/compilers_and_libraries_2020.4.304/linux/compiler/lib/intel64_lin -L/u/local/compilers/intel/2020.4/compilers_and_libraries_2020.4.304/linux/daal/../tbb/lib/intel64_lin/gcc4.8 -L/u/local/compilers/intel/2020.4/compilers_and_libraries_2020.4.304/linux/daal/lib/intel64_lin -L/u/local/compilers/intel/2020.4/compilers_and_libraries_2020.4.304/linux/ipp/../tbb/lib/intel64/gcc4.8 -L/u/local/compilers/intel/2020.4/compilers_and_libraries_2020.4.304/linux/ipp/lib/intel64 -L/u/local/compilers/intel/2020.4/compilers_and_libraries_2020.4.304/linux/mkl/lib/intel64_lin -L/u/local/compilers/intel/2020.4/compilers_and_libraries_2020.4.304/linux/mpi/intel64/lib -L/u/local/compilers/intel/2020.4/compilers_and_libraries_2020.4.304/linux/mpi/intel64/lib/release -L/u/local/compilers/intel/2020.4/compilers_and_libraries_2020.4.304/linux/mpi/intel64/libfabric/lib -L/u/local/compilers/intel/2020.4/compilers_and_libraries_2020.4.304/linux/tbb/lib/intel64/gcc4.8 -L/u/local/compilers/intel/2020.4/debugger_2020/libipt/intel64/lib -L/u/local/compilers/intel/2020.4/debugger_2020/python/intel64/lib -L/u/local/compilers/gcc/7.5.0/lib/gcc/x86_64-pc-linux-gnu/7.5.0/../../../../x86_64-pc-linux-gnu/lib -L/u/local/compilers/gcc/7.5.0/lib/gcc/x86_64-pc-linux-gnu/7.5.0/../../.. CMakeFiles/cmTryCompileExec893823740.dir/CMakeCXXCompilerABI.cpp.o -lstdc++ -lm -lgcc_s -lgcc -lc -lgcc_s -lgcc /u/local/compilers/gcc/7.5.0/lib/gcc/x86_64-pc-linux-gnu/7.5.0/crtend.o /lib/../lib64/crtn.o
COLLECT_GCC_OPTIONS='-v' '-o' 'cmTryCompileExec893823740' '-rdynamic' '-shared-libgcc' '-mtune=generic' '-march=x86-64'
gmake[1]: Leaving directory `/u/project/sriram/zhengton/GENIE_review/github/GENIE/build/CMakeFiles/CMakeTmp'


Parsed CXX implicit link information from above output:
  link line regex: [^( *|.*[/\])(ld|([^/\]+-)?ld|collect2)[^/\]*( |$)]
  ignore line: [Change Dir: /u/home/z/zhengton/project-sriram/GENIE_review/github/GENIE/build/CMakeFiles/CMakeTmp]
  ignore line: []
  ignore line: [Run Build Command:/usr/bin/gmake "cmTryCompileExec893823740/fast"]
  ignore line: [/usr/bin/gmake -f CMakeFiles/cmTryCompileExec893823740.dir/build.make CMakeFiles/cmTryCompileExec893823740.dir/build]
  ignore line: [gmake[1]: Entering directory `/u/project/sriram/zhengton/GENIE_review/github/GENIE/build/CMakeFiles/CMakeTmp']
  ignore line: [/usr/bin/cmake -E cmake_progress_report /u/home/z/zhengton/project-sriram/GENIE_review/github/GENIE/build/CMakeFiles/CMakeTmp/CMakeFiles 1]
  ignore line: [Building CXX object CMakeFiles/cmTryCompileExec893823740.dir/CMakeCXXCompilerABI.cpp.o]
  ignore line: [/u/local/compilers/gcc/7.5.0/bin/g++     -o CMakeFiles/cmTryCompileExec893823740.dir/CMakeCXXCompilerABI.cpp.o -c /usr/share/cmake/Modules/CMakeCXXCompilerABI.cpp]
  ignore line: [Linking CXX executable cmTryCompileExec893823740]
  ignore line: [/usr/bin/cmake -E cmake_link_script CMakeFiles/cmTryCompileExec893823740.dir/link.txt --verbose=1]
  ignore line: [/u/local/compilers/gcc/7.5.0/bin/g++      -v CMakeFiles/cmTryCompileExec893823740.dir/CMakeCXXCompilerABI.cpp.o  -o cmTryCompileExec893823740 -rdynamic  ]
  ignore line: [Using built-in specs.]
  ignore line: [COLLECT_GCC=/u/local/compilers/gcc/7.5.0/bin/g++]
  ignore line: [COLLECT_LTO_WRAPPER=/u/local/compilers/gcc/7.5.0/libexec/gcc/x86_64-pc-linux-gnu/7.5.0/lto-wrapper]
  ignore line: [Target: x86_64-pc-linux-gnu]
  ignore line: [Configured with: ../gcc-7.5.0/configure --prefix=/u/local/compilers/gcc/7.5.0 --disable-multilib --enable-languages=c,c++,fortran,jit --enable-checking=release --enable-host-shared --with-pic]
  ignore line: [Thread model: posix]
  ignore line: [gcc version 7.5.0 (GCC) ]
  ignore line: [COMPILER_PATH=/u/local/compilers/gcc/7.5.0/libexec/gcc/x86_64-pc-linux-gnu/7.5.0/:/u/local/compilers/gcc/7.5.0/libexec/gcc/x86_64-pc-linux-gnu/7.5.0/:/u/local/compilers/gcc/7.5.0/libexec/gcc/x86_64-pc-linux-gnu/:/u/local/compilers/gcc/7.5.0/lib/gcc/x86_64-pc-linux-gnu/7.5.0/:/u/local/compilers/gcc/7.5.0/lib/gcc/x86_64-pc-linux-gnu/:/u/local/compilers/gcc/7.5.0/lib/gcc/x86_64-pc-linux-gnu/7.5.0/../../../../x86_64-pc-linux-gnu/bin/]
  ignore line: [LIBRARY_PATH=/u/local/compilers/gcc/7.5.0/lib64/../lib64/:/u/local/compilers/gcc/7.5.0/lib/../lib64/:/u/local/compilers/gcc/7.5.0/lib/gcc/x86_64-pc-linux-gnu/7.5.0/:/u/local/compilers/gcc/7.5.0/lib/gcc/x86_64-pc-linux-gnu/7.5.0/../../../../lib64/:/lib/../lib64/:/usr/lib/../lib64/:/u/local/compilers/gcc/7.5.0/lib64/:/u/local/compilers/gcc/7.5.0/lib/:/u/local/compilers/intel/2020.4/compilers_and_libraries_2020.4.304/linux/compiler/lib/intel64_lin/:/u/local/compilers/intel/2020.4/compilers_and_libraries_2020.4.304/linux/daal/../tbb/lib/intel64_lin/gcc4.8/:/u/local/compilers/intel/2020.4/compilers_and_libraries_2020.4.304/linux/daal/lib/intel64_lin/:/u/local/compilers/intel/2020.4/compilers_and_libraries_2020.4.304/linux/ipp/../tbb/lib/intel64/gcc4.8/:/u/local/compilers/intel/2020.4/compilers_and_libraries_2020.4.304/linux/ipp/lib/intel64/:/u/local/compilers/intel/2020.4/compilers_and_libraries_2020.4.304/linux/mkl/lib/intel64_lin/:/u/local/compilers/intel/2020.4/compilers_and_libraries_2020.4.304/linux/mpi/intel64/lib/:/u/local/compilers/intel/2020.4/compilers_and_libraries_2020.4.304/linux/mpi/intel64/lib/release/:/u/local/compilers/intel/2020.4/compilers_and_libraries_2020.4.304/linux/mpi/intel64/libfabric/lib/:/u/local/compilers/intel/2020.4/compilers_and_libraries_2020.4.304/linux/tbb/lib/intel64/gcc4.8/:/u/local/compilers/intel/2020.4/debugger_2020/libipt/intel64/lib/:/u/local/compilers/intel/2020.4/debugger_2020/python/intel64/lib/:/u/local/compilers/gcc/7.5.0/lib/gcc/x86_64-pc-linux-gnu/7.5.0/../../../../x86_64-pc-linux-gnu/lib/:/u/local/compilers/gcc/7.5.0/lib/gcc/x86_64-pc-linux-gnu/7.5.0/../../../:/lib/:/usr/lib/]
  ignore line: [COLLECT_GCC_OPTIONS='-v' '-o' 'cmTryCompileExec893823740' '-rdynamic' '-shared-libgcc' '-mtune=generic' '-march=x86-64']
  link line: [ /u/local/compilers/gcc/7.5.0/libexec/gcc/x86_64-pc-linux-gnu/7.5.0/collect2 -plugin /u/local/compilers/gcc/7.5.0/libexec/gcc/x86_64-pc-linux-gnu/7.5.0/liblto_plugin.so -plugin-opt=/u/local/compilers/gcc/7.5.0/libexec/gcc/x86_64-pc-linux-gnu/7.5.0/lto-wrapper -plugin-opt=-fresolution=/tmp/ccZBWMLJ.res -plugin-opt=-pass-through=-lgcc_s -plugin-opt=-pass-through=-lgcc -plugin-opt=-pass-through=-lc -plugin-opt=-pass-through=-lgcc_s -plugin-opt=-pass-through=-lgcc --eh-frame-hdr -m elf_x86_64 -export-dynamic -dynamic-linker /lib64/ld-linux-x86-64.so.2 -o cmTryCompileExec893823740 /lib/../lib64/crt1.o /lib/../lib64/crti.o /u/local/compilers/gcc/7.5.0/lib/gcc/x86_64-pc-linux-gnu/7.5.0/crtbegin.o -L/u/local/compilers/gcc/7.5.0/lib64/../lib64 -L/u/local/compilers/gcc/7.5.0/lib/../lib64 -L/u/local/compilers/gcc/7.5.0/lib/gcc/x86_64-pc-linux-gnu/7.5.0 -L/u/local/compilers/gcc/7.5.0/lib/gcc/x86_64-pc-linux-gnu/7.5.0/../../../../lib64 -L/lib/../lib64 -L/usr/lib/../lib64 -L/u/local/compilers/gcc/7.5.0/lib64 -L/u/local/compilers/gcc/7.5.0/lib -L/u/local/compilers/intel/2020.4/compilers_and_libraries_2020.4.304/linux/compiler/lib/intel64_lin -L/u/local/compilers/intel/2020.4/compilers_and_libraries_2020.4.304/linux/daal/../tbb/lib/intel64_lin/gcc4.8 -L/u/local/compilers/intel/2020.4/compilers_and_libraries_2020.4.304/linux/daal/lib/intel64_lin -L/u/local/compilers/intel/2020.4/compilers_and_libraries_2020.4.304/linux/ipp/../tbb/lib/intel64/gcc4.8 -L/u/local/compilers/intel/2020.4/compilers_and_libraries_2020.4.304/linux/ipp/lib/intel64 -L/u/local/compilers/intel/2020.4/compilers_and_libraries_2020.4.304/linux/mkl/lib/intel64_lin -L/u/local/compilers/intel/2020.4/compilers_and_libraries_2020.4.304/linux/mpi/intel64/lib -L/u/local/compilers/intel/2020.4/compilers_and_libraries_2020.4.304/linux/mpi/intel64/lib/release -L/u/local/compilers/intel/2020.4/compilers_and_libraries_2020.4.304/linux/mpi/intel64/libfabric/lib -L/u/local/compilers/intel/2020.4/compilers_and_libraries_2020.4.304/linux/tbb/lib/intel64/gcc4.8 -L/u/local/compilers/intel/2020.4/debugger_2020/libipt/intel64/lib -L/u/local/compilers/intel/2020.4/debugger_2020/python/intel64/lib -L/u/local/compilers/gcc/7.5.0/lib/gcc/x86_64-pc-linux-gnu/7.5.0/../../../../x86_64-pc-linux-gnu/lib -L/u/local/compilers/gcc/7.5.0/lib/gcc/x86_64-pc-linux-gnu/7.5.0/../../.. CMakeFiles/cmTryCompileExec893823740.dir/CMakeCXXCompilerABI.cpp.o -lstdc++ -lm -lgcc_s -lgcc -lc -lgcc_s -lgcc /u/local/compilers/gcc/7.5.0/lib/gcc/x86_64-pc-linux-gnu/7.5.0/crtend.o /lib/../lib64/crtn.o]
    arg [/u/local/compilers/gcc/7.5.0/libexec/gcc/x86_64-pc-linux-gnu/7.5.0/collect2] ==> ignore
    arg [-plugin] ==> ignore
    arg [/u/local/compilers/gcc/7.5.0/libexec/gcc/x86_64-pc-linux-gnu/7.5.0/liblto_plugin.so] ==> ignore
    arg [-plugin-opt=/u/local/compilers/gcc/7.5.0/libexec/gcc/x86_64-pc-linux-gnu/7.5.0/lto-wrapper] ==> ignore
    arg [-plugin-opt=-fresolution=/tmp/ccZBWMLJ.res] ==> ignore
    arg [-plugin-opt=-pass-through=-lgcc_s] ==> ignore
    arg [-plugin-opt=-pass-through=-lgcc] ==> ignore
    arg [-plugin-opt=-pass-through=-lc] ==> ignore
    arg [-plugin-opt=-pass-through=-lgcc_s] ==> ignore
    arg [-plugin-opt=-pass-through=-lgcc] ==> ignore
    arg [--eh-frame-hdr] ==> ignore
    arg [-m] ==> ignore
    arg [elf_x86_64] ==> ignore
    arg [-export-dynamic] ==> ignore
    arg [-dynamic-linker] ==> ignore
    arg [/lib64/ld-linux-x86-64.so.2] ==> ignore
    arg [-o] ==> ignore
    arg [cmTryCompileExec893823740] ==> ignore
    arg [/lib/../lib64/crt1.o] ==> ignore
    arg [/lib/../lib64/crti.o] ==> ignore
    arg [/u/local/compilers/gcc/7.5.0/lib/gcc/x86_64-pc-linux-gnu/7.5.0/crtbegin.o] ==> ignore
    arg [-L/u/local/compilers/gcc/7.5.0/lib64/../lib64] ==> dir [/u/local/compilers/gcc/7.5.0/lib64/../lib64]
    arg [-L/u/local/compilers/gcc/7.5.0/lib/../lib64] ==> dir [/u/local/compilers/gcc/7.5.0/lib/../lib64]
    arg [-L/u/local/compilers/gcc/7.5.0/lib/gcc/x86_64-pc-linux-gnu/7.5.0] ==> dir [/u/local/compilers/gcc/7.5.0/lib/gcc/x86_64-pc-linux-gnu/7.5.0]
    arg [-L/u/local/compilers/gcc/7.5.0/lib/gcc/x86_64-pc-linux-gnu/7.5.0/../../../../lib64] ==> dir [/u/local/compilers/gcc/7.5.0/lib/gcc/x86_64-pc-linux-gnu/7.5.0/../../../../lib64]
    arg [-L/lib/../lib64] ==> dir [/lib/../lib64]
    arg [-L/usr/lib/../lib64] ==> dir [/usr/lib/../lib64]
    arg [-L/u/local/compilers/gcc/7.5.0/lib64] ==> dir [/u/local/compilers/gcc/7.5.0/lib64]
    arg [-L/u/local/compilers/gcc/7.5.0/lib] ==> dir [/u/local/compilers/gcc/7.5.0/lib]
    arg [-L/u/local/compilers/intel/2020.4/compilers_and_libraries_2020.4.304/linux/compiler/lib/intel64_lin] ==> dir [/u/local/compilers/intel/2020.4/compilers_and_libraries_2020.4.304/linux/compiler/lib/intel64_lin]
    arg [-L/u/local/compilers/intel/2020.4/compilers_and_libraries_2020.4.304/linux/daal/../tbb/lib/intel64_lin/gcc4.8] ==> dir [/u/local/compilers/intel/2020.4/compilers_and_libraries_2020.4.304/linux/daal/../tbb/lib/intel64_lin/gcc4.8]
    arg [-L/u/local/compilers/intel/2020.4/compilers_and_libraries_2020.4.304/linux/daal/lib/intel64_lin] ==> dir [/u/local/compilers/intel/2020.4/compilers_and_libraries_2020.4.304/linux/daal/lib/intel64_lin]
    arg [-L/u/local/compilers/intel/2020.4/compilers_and_libraries_2020.4.304/linux/ipp/../tbb/lib/intel64/gcc4.8] ==> dir [/u/local/compilers/intel/2020.4/compilers_and_libraries_2020.4.304/linux/ipp/../tbb/lib/intel64/gcc4.8]
    arg [-L/u/local/compilers/intel/2020.4/compilers_and_libraries_2020.4.304/linux/ipp/lib/intel64] ==> dir [/u/local/compilers/intel/2020.4/compilers_and_libraries_2020.4.304/linux/ipp/lib/intel64]
    arg [-L/u/local/compilers/intel/2020.4/compilers_and_libraries_2020.4.304/linux/mkl/lib/intel64_lin] ==> dir [/u/local/compilers/intel/2020.4/compilers_and_libraries_2020.4.304/linux/mkl/lib/intel64_lin]
    arg [-L/u/local/compilers/intel/2020.4/compilers_and_libraries_2020.4.304/linux/mpi/intel64/lib] ==> dir [/u/local/compilers/intel/2020.4/compilers_and_libraries_2020.4.304/linux/mpi/intel64/lib]
    arg [-L/u/local/compilers/intel/2020.4/compilers_and_libraries_2020.4.304/linux/mpi/intel64/lib/release] ==> dir [/u/local/compilers/intel/2020.4/compilers_and_libraries_2020.4.304/linux/mpi/intel64/lib/release]
    arg [-L/u/local/compilers/intel/2020.4/compilers_and_libraries_2020.4.304/linux/mpi/intel64/libfabric/lib] ==> dir [/u/local/compilers/intel/2020.4/compilers_and_libraries_2020.4.304/linux/mpi/intel64/libfabric/lib]
    arg [-L/u/local/compilers/intel/2020.4/compilers_and_libraries_2020.4.304/linux/tbb/lib/intel64/gcc4.8] ==> dir [/u/local/compilers/intel/2020.4/compilers_and_libraries_2020.4.304/linux/tbb/lib/intel64/gcc4.8]
    arg [-L/u/local/compilers/intel/2020.4/debugger_2020/libipt/intel64/lib] ==> dir [/u/local/compilers/intel/2020.4/debugger_2020/libipt/intel64/lib]
    arg [-L/u/local/compilers/intel/2020.4/debugger_2020/python/intel64/lib] ==> dir [/u/local/compilers/intel/2020.4/debugger_2020/python/intel64/lib]
    arg [-L/u/local/compilers/gcc/7.5.0/lib/gcc/x86_64-pc-linux-gnu/7.5.0/../../../../x86_64-pc-linux-gnu/lib] ==> dir [/u/local/compilers/gcc/7.5.0/lib/gcc/x86_64-pc-linux-gnu/7.5.0/../../../../x86_64-pc-linux-gnu/lib]
    arg [-L/u/local/compilers/gcc/7.5.0/lib/gcc/x86_64-pc-linux-gnu/7.5.0/../../..] ==> dir [/u/local/compilers/gcc/7.5.0/lib/gcc/x86_64-pc-linux-gnu/7.5.0/../../..]
    arg [CMakeFiles/cmTryCompileExec893823740.dir/CMakeCXXCompilerABI.cpp.o] ==> ignore
    arg [-lstdc++] ==> lib [stdc++]
    arg [-lm] ==> lib [m]
    arg [-lgcc_s] ==> lib [gcc_s]
    arg [-lgcc] ==> lib [gcc]
    arg [-lc] ==> lib [c]
    arg [-lgcc_s] ==> lib [gcc_s]
    arg [-lgcc] ==> lib [gcc]
    arg [/u/local/compilers/gcc/7.5.0/lib/gcc/x86_64-pc-linux-gnu/7.5.0/crtend.o] ==> ignore
    arg [/lib/../lib64/crtn.o] ==> ignore
  remove lib [gcc_s]
  remove lib [gcc]
  remove lib [gcc_s]
  remove lib [gcc]
  collapse library dir [/u/local/compilers/gcc/7.5.0/lib64/../lib64] ==> [/u/local/compilers/gcc/7.5.0/lib64]
  collapse library dir [/u/local/compilers/gcc/7.5.0/lib/../lib64] ==> [/u/local/compilers/gcc/7.5.0/lib64]
  collapse library dir [/u/local/compilers/gcc/7.5.0/lib/gcc/x86_64-pc-linux-gnu/7.5.0] ==> [/u/local/compilers/gcc/7.5.0/lib/gcc/x86_64-pc-linux-gnu/7.5.0]
  collapse library dir [/u/local/compilers/gcc/7.5.0/lib/gcc/x86_64-pc-linux-gnu/7.5.0/../../../../lib64] ==> [/u/local/compilers/gcc/7.5.0/lib64]
  collapse library dir [/lib/../lib64] ==> [/lib64]
  collapse library dir [/usr/lib/../lib64] ==> [/usr/lib64]
  collapse library dir [/u/local/compilers/gcc/7.5.0/lib64] ==> [/u/local/compilers/gcc/7.5.0/lib64]
  collapse library dir [/u/local/compilers/gcc/7.5.0/lib] ==> [/u/local/compilers/gcc/7.5.0/lib]
  collapse library dir [/u/local/compilers/intel/2020.4/compilers_and_libraries_2020.4.304/linux/compiler/lib/intel64_lin] ==> [/u/local/compilers/intel/2020.4/compilers_and_libraries_2020.4.304/linux/compiler/lib/intel64_lin]
  collapse library dir [/u/local/compilers/intel/2020.4/compilers_and_libraries_2020.4.304/linux/daal/../tbb/lib/intel64_lin/gcc4.8] ==> [/u/local/compilers/intel/2020.4/compilers_and_libraries_2020.4.304/linux/tbb/lib/intel64_lin/gcc4.8]
  collapse library dir [/u/local/compilers/intel/2020.4/compilers_and_libraries_2020.4.304/linux/daal/lib/intel64_lin] ==> [/u/local/compilers/intel/2020.4/compilers_and_libraries_2020.4.304/linux/daal/lib/intel64_lin]
  collapse library dir [/u/local/compilers/intel/2020.4/compilers_and_libraries_2020.4.304/linux/ipp/../tbb/lib/intel64/gcc4.8] ==> [/u/local/compilers/intel/2020.4/compilers_and_libraries_2020.4.304/linux/tbb/lib/intel64/gcc4.8]
  collapse library dir [/u/local/compilers/intel/2020.4/compilers_and_libraries_2020.4.304/linux/ipp/lib/intel64] ==> [/u/local/compilers/intel/2020.4/compilers_and_libraries_2020.4.304/linux/ipp/lib/intel64]
  collapse library dir [/u/local/compilers/intel/2020.4/compilers_and_libraries_2020.4.304/linux/mkl/lib/intel64_lin] ==> [/u/local/compilers/intel/2020.4/compilers_and_libraries_2020.4.304/linux/mkl/lib/intel64_lin]
  collapse library dir [/u/local/compilers/intel/2020.4/compilers_and_libraries_2020.4.304/linux/mpi/intel64/lib] ==> [/u/local/compilers/intel/2020.4/compilers_and_libraries_2020.4.304/linux/mpi/intel64/lib]
  collapse library dir [/u/local/compilers/intel/2020.4/compilers_and_libraries_2020.4.304/linux/mpi/intel64/lib/release] ==> [/u/local/compilers/intel/2020.4/compilers_and_libraries_2020.4.304/linux/mpi/intel64/lib/release]
  collapse library dir [/u/local/compilers/intel/2020.4/compilers_and_libraries_2020.4.304/linux/mpi/intel64/libfabric/lib] ==> [/u/local/compilers/intel/2020.4/compilers_and_libraries_2020.4.304/linux/mpi/intel64/libfabric/lib]
  collapse library dir [/u/local/compilers/intel/2020.4/compilers_and_libraries_2020.4.304/linux/tbb/lib/intel64/gcc4.8] ==> [/u/local/compilers/intel/2020.4/compilers_and_libraries_2020.4.304/linux/tbb/lib/intel64/gcc4.8]
  collapse library dir [/u/local/compilers/intel/2020.4/debugger_2020/libipt/intel64/lib] ==> [/u/local/compilers/intel/2020.4/debugger_2020/libipt/intel64/lib]
  collapse library dir [/u/local/compilers/intel/2020.4/debugger_2020/python/intel64/lib] ==> [/u/local/compilers/intel/2020.4/debugger_2020/python/intel64/lib]
  collapse library dir [/u/local/compilers/gcc/7.5.0/lib/gcc/x86_64-pc-linux-gnu/7.5.0/../../../../x86_64-pc-linux-gnu/lib] ==> [/u/local/compilers/gcc/7.5.0/x86_64-pc-linux-gnu/lib]
  collapse library dir [/u/local/compilers/gcc/7.5.0/lib/gcc/x86_64-pc-linux-gnu/7.5.0/../../..] ==> [/u/local/compilers/gcc/7.5.0/lib]
  implicit libs: [stdc++;m;c]
  implicit dirs: [/u/local/compilers/gcc/7.5.0/lib64;/u/local/compilers/gcc/7.5.0/lib/gcc/x86_64-pc-linux-gnu/7.5.0;/lib64;/usr/lib64;/u/local/compilers/gcc/7.5.0/lib;/u/local/compilers/intel/2020.4/compilers_and_libraries_2020.4.304/linux/compiler/lib/intel64_lin;/u/local/compilers/intel/2020.4/compilers_and_libraries_2020.4.304/linux/tbb/lib/intel64_lin/gcc4.8;/u/local/compilers/intel/2020.4/compilers_and_libraries_2020.4.304/linux/daal/lib/intel64_lin;/u/local/compilers/intel/2020.4/compilers_and_libraries_2020.4.304/linux/tbb/lib/intel64/gcc4.8;/u/local/compilers/intel/2020.4/compilers_and_libraries_2020.4.304/linux/ipp/lib/intel64;/u/local/compilers/intel/2020.4/compilers_and_libraries_2020.4.304/linux/mkl/lib/intel64_lin;/u/local/compilers/intel/2020.4/compilers_and_libraries_2020.4.304/linux/mpi/intel64/lib;/u/local/compilers/intel/2020.4/compilers_and_libraries_2020.4.304/linux/mpi/intel64/lib/release;/u/local/compilers/intel/2020.4/compilers_and_libraries_2020.4.304/linux/mpi/intel64/libfabric/lib;/u/local/compilers/intel/2020.4/debugger_2020/libipt/intel64/lib;/u/local/compilers/intel/2020.4/debugger_2020/python/intel64/lib;/u/local/compilers/gcc/7.5.0/x86_64-pc-linux-gnu/lib]
  implicit fwks: []


